11:00:16.020 [TestNG-tests-1] DEBUG org.apache.poi.openxml4j.opc.ZipPackage - Save core properties part
11:00:16.036 [TestNG-tests-1] DEBUG org.apache.poi.openxml4j.opc.ZipPackage - Save content types part
11:00:16.296 [TestNG-tests-1] DEBUG org.apache.poi.openxml4j.opc.ZipPackage - Save package relationships
11:00:16.318 [TestNG-tests-1] DEBUG org.apache.poi.openxml4j.opc.ZipPackage - Save part 'docProps/app.xml'
11:00:16.328 [TestNG-tests-1] DEBUG org.apache.poi.openxml4j.opc.ZipPackage - Save part 'docProps/core.xml'
11:00:16.348 [TestNG-tests-1] DEBUG org.apache.poi.openxml4j.opc.ZipPackage - Save part 'xl/sharedStrings.xml'
11:00:16.356 [TestNG-tests-1] DEBUG org.apache.poi.openxml4j.opc.ZipPackage - Save part 'xl/styles.xml'
11:00:16.357 [TestNG-tests-1] DEBUG org.apache.poi.openxml4j.opc.ZipPackage - Save part 'xl/workbook.xml'
11:00:16.361 [TestNG-tests-1] DEBUG org.apache.poi.openxml4j.opc.ZipPackage - Save part 'xl/worksheets/sheet1.xml'
11:00:16.370 [TestNG-tests-1] DEBUG org.apache.poi.openxml4j.opc.ZipPackage - Save content types part
11:00:16.373 [TestNG-tests-1] DEBUG org.apache.poi.openxml4j.opc.ZipPackage - Save package relationships
11:00:16.376 [TestNG-tests-1] DEBUG org.apache.poi.openxml4j.opc.ZipPackage - Save part 'docProps/app.xml'
11:00:16.377 [TestNG-tests-1] DEBUG org.apache.poi.openxml4j.opc.ZipPackage - Save part 'docProps/core.xml'
11:00:16.380 [TestNG-tests-1] DEBUG org.apache.poi.openxml4j.opc.ZipPackage - Save part 'xl/sharedStrings.xml'
11:00:16.381 [TestNG-tests-1] DEBUG org.apache.poi.openxml4j.opc.ZipPackage - Save part 'xl/styles.xml'
11:00:16.382 [TestNG-tests-1] DEBUG org.apache.poi.openxml4j.opc.ZipPackage - Save part 'xl/workbook.xml'
11:00:16.385 [TestNG-tests-1] DEBUG org.apache.poi.openxml4j.opc.ZipPackage - Save part 'xl/worksheets/sheet1.xml'
11:00:16.388 [TestNG-tests-1] INFO  TestCase.Tc_1TravelInsuranceRunner - ****** Travel Insurance validation Completed*******
11:00:16.388 [TestNG-tests-1] INFO  TestCase.Tc_1TravelInsuranceRunner -          ===========================             
11:00:16.389 [TestNG-tests-1] INFO  TestCase.Tc_1TravelInsuranceRunner -                                  
11:00:49.023 [TestNG-tests-1] INFO  TestCase.Tc_2CarInsuranceRunner - ******Starting Homepage*******
11:00:55.018 [TestNG-tests-1] INFO  TestCase.Tc_2CarInsuranceRunner - ******Starting Car Insurance Page*******
11:01:10.043 [TestNG-tests-1] INFO  TestCase.Tc_2CarInsuranceRunner - ******method  2*******
11:01:15.649 [TestNG-tests-1] INFO  TestCase.Tc_2CarInsuranceRunner - ****** Car Insurance validation Completed*******
11:01:15.649 [TestNG-tests-1] INFO  TestCase.Tc_2CarInsuranceRunner -          ===========================             
11:01:15.650 [TestNG-tests-1] INFO  TestCase.Tc_2CarInsuranceRunner -                                  
11:01:37.814 [TestNG-tests-1] INFO  TestCase.Tc_3HealthInsuranceRunner - ******Starting Homepage*******
11:01:39.513 [TestNG-tests-1] INFO  TestCase.Tc_3HealthInsuranceRunner - ******Starting Health Insurance Page*******
11:01:40.303 [TestNG-tests-1] INFO  TestCase.Tc_3HealthInsuranceRunner - ******Health Insurance validation Completed*******
11:01:40.304 [TestNG-tests-1] INFO  TestCase.Tc_3HealthInsuranceRunner -          ===========================             
11:01:40.304 [TestNG-tests-1] INFO  TestCase.Tc_3HealthInsuranceRunner -                                  
14:37:39.572 [main] DEBUG org.testng.TestNG - suiteXmlPath: "C:\Users\2308349\eclipse-workspace\PolicyBazaar\testng.xml"
14:38:04.945 [TestNG-tests-1] INFO  TestCase.Tc_1TravelInsuranceRunner - ******Starting Homepage*******
14:38:36.444 [TestNG-tests-1] INFO  TestCase.Tc_2CarInsuranceRunner - ******Starting Homepage*******
14:38:41.999 [TestNG-tests-1] INFO  TestCase.Tc_2CarInsuranceRunner - ******Starting Car Insurance Page*******
14:38:57.065 [TestNG-tests-1] INFO  TestCase.Tc_2CarInsuranceRunner - ******method  2*******
14:39:04.495 [TestNG-tests-1] INFO  TestCase.Tc_2CarInsuranceRunner - ****** Car Insurance validation Completed*******
14:39:04.495 [TestNG-tests-1] INFO  TestCase.Tc_2CarInsuranceRunner -          ===========================             
14:39:04.496 [TestNG-tests-1] INFO  TestCase.Tc_2CarInsuranceRunner -                                  
14:39:31.268 [TestNG-tests-1] INFO  TestCase.Tc_3HealthInsuranceRunner - ******Starting Homepage*******
14:39:33.611 [TestNG-tests-1] INFO  TestCase.Tc_3HealthInsuranceRunner - ******Starting Health Insurance Page*******
14:39:34.669 [TestNG-tests-1] INFO  TestCase.Tc_3HealthInsuranceRunner - ******Health Insurance validation Completed*******
14:39:34.670 [TestNG-tests-1] INFO  TestCase.Tc_3HealthInsuranceRunner -          ===========================             
14:39:34.670 [TestNG-tests-1] INFO  TestCase.Tc_3HealthInsuranceRunner -                                  
14:41:15.738 [main] DEBUG org.testng.TestNG - suiteXmlPath: "C:\Users\2308349\eclipse-workspace\PolicyBazaar\testng.xml"
