12:39:58.980 [TestNG-tests-1] DEBUG org.apache.poi.openxml4j.opc.ZipPackage - Save package relationships
12:39:59.032 [TestNG-tests-1] DEBUG org.apache.poi.openxml4j.opc.ZipPackage - Save part 'docProps/app.xml'
12:39:59.044 [TestNG-tests-1] DEBUG org.apache.poi.openxml4j.opc.ZipPackage - Save part 'docProps/core.xml'
12:39:59.066 [TestNG-tests-1] DEBUG org.apache.poi.openxml4j.opc.ZipPackage - Save part 'xl/sharedStrings.xml'
12:39:59.067 [TestNG-tests-1] DEBUG org.apache.poi.openxml4j.opc.ZipPackage - Save part 'xl/styles.xml'
12:39:59.068 [TestNG-tests-1] DEBUG org.apache.poi.openxml4j.opc.ZipPackage - Save part 'xl/workbook.xml'
12:39:59.072 [TestNG-tests-1] DEBUG org.apache.poi.openxml4j.opc.ZipPackage - Save part 'xl/worksheets/sheet1.xml'
12:39:59.080 [TestNG-tests-1] DEBUG org.apache.poi.openxml4j.opc.ZipPackage - Save content types part
12:39:59.083 [TestNG-tests-1] DEBUG org.apache.poi.openxml4j.opc.ZipPackage - Save package relationships
12:39:59.087 [TestNG-tests-1] DEBUG org.apache.poi.openxml4j.opc.ZipPackage - Save part 'docProps/app.xml'
12:39:59.087 [TestNG-tests-1] DEBUG org.apache.poi.openxml4j.opc.ZipPackage - Save part 'docProps/core.xml'
12:39:59.091 [TestNG-tests-1] DEBUG org.apache.poi.openxml4j.opc.ZipPackage - Save part 'xl/sharedStrings.xml'
12:39:59.092 [TestNG-tests-1] DEBUG org.apache.poi.openxml4j.opc.ZipPackage - Save part 'xl/styles.xml'
12:39:59.093 [TestNG-tests-1] DEBUG org.apache.poi.openxml4j.opc.ZipPackage - Save part 'xl/workbook.xml'
12:39:59.096 [TestNG-tests-1] DEBUG org.apache.poi.openxml4j.opc.ZipPackage - Save part 'xl/worksheets/sheet1.xml'
12:39:59.099 [TestNG-tests-1] INFO  TestCase.Tc_1TravelInsuranceRunner - ****** Travel Insurance validation Completed*******
12:39:59.100 [TestNG-tests-1] INFO  TestCase.Tc_1TravelInsuranceRunner -          ===========================             
12:39:59.100 [TestNG-tests-1] INFO  TestCase.Tc_1TravelInsuranceRunner -                                  
12:41:31.593 [TestNG-tests-1] INFO  TestCase.Tc_2CarInsuranceRunner - ******Starting Homepage*******
12:41:37.298 [TestNG-tests-1] INFO  TestCase.Tc_2CarInsuranceRunner - ******Starting Car Insurance Page*******
12:41:54.638 [TestNG-tests-1] INFO  TestCase.Tc_2CarInsuranceRunner - ******hi 1*******
12:43:10.778 [TestNG-tests-1] INFO  TestCase.Tc_2CarInsuranceRunner - ******method  2*******
12:44:23.488 [TestNG-tests-1] INFO  TestCase.Tc_3HealthInsuranceRunner - ******Starting Homepage*******
12:44:30.670 [TestNG-tests-1] INFO  TestCase.Tc_3HealthInsuranceRunner - ******Starting Health Insurance Page*******
12:44:31.554 [TestNG-tests-1] INFO  TestCase.Tc_3HealthInsuranceRunner - ******Health Insurance validation Completed*******
12:44:31.554 [TestNG-tests-1] INFO  TestCase.Tc_3HealthInsuranceRunner -          ===========================             
12:44:31.554 [TestNG-tests-1] INFO  TestCase.Tc_3HealthInsuranceRunner -                                  
21:32:30.899 [TestNG-tests-1] INFO  TestCase.Tc_1TravelInsuranceRunner - ******Starting Homepage*******
21:32:31.319 [TestNG-tests-1] INFO  TestCase.Tc_1TravelInsuranceRunner - ******Starting Travel Insurance Page*******
21:32:40.195 [TestNG-tests-1] INFO  TestCase.Tc_1TravelInsuranceRunner - ****** Travel Insurance validation failed*******
21:32:40.195 [TestNG-tests-1] INFO  TestCase.Tc_1TravelInsuranceRunner -          ===========================             
21:32:40.195 [TestNG-tests-1] INFO  TestCase.Tc_1TravelInsuranceRunner -                                  
21:33:12.517 [TestNG-tests-1] INFO  TestCase.Tc_1TravelInsuranceRunner - ******Starting Homepage*******
21:33:13.255 [TestNG-tests-1] INFO  TestCase.Tc_1TravelInsuranceRunner - ******Starting Travel Insurance Page*******
21:33:24.261 [TestNG-tests-1] INFO  TestCase.Tc_1TravelInsuranceRunner - ****** Travel Insurance validation failed*******
21:33:24.262 [TestNG-tests-1] INFO  TestCase.Tc_1TravelInsuranceRunner -          ===========================             
21:33:24.262 [TestNG-tests-1] INFO  TestCase.Tc_1TravelInsuranceRunner -                                  
21:34:00.580 [TestNG-tests-1] INFO  TestCase.Tc_1TravelInsuranceRunner - ******Starting Homepage*******
21:34:01.214 [TestNG-tests-1] INFO  TestCase.Tc_1TravelInsuranceRunner - ******Starting Travel Insurance Page*******
21:34:09.055 [TestNG-tests-1] INFO  TestCase.Tc_1TravelInsuranceRunner - ****** Travel Insurance validation failed*******
21:34:09.056 [TestNG-tests-1] INFO  TestCase.Tc_1TravelInsuranceRunner -          ===========================             
21:34:09.056 [TestNG-tests-1] INFO  TestCase.Tc_1TravelInsuranceRunner -                                  
21:34:40.934 [TestNG-tests-1] INFO  TestCase.Tc_1TravelInsuranceRunner - ******Starting Homepage*******
21:34:41.629 [TestNG-tests-1] INFO  TestCase.Tc_1TravelInsuranceRunner - ******Starting Travel Insurance Page*******
21:34:52.379 [TestNG-tests-1] INFO  TestCase.Tc_1TravelInsuranceRunner - ****** Travel Insurance validation failed*******
