14:41:34.885 [TestNG-tests-1] INFO  TestCase.Tc_1TravelInsuranceRunner - ******Starting Homepage*******
14:41:36.069 [TestNG-tests-1] INFO  TestCase.Tc_1TravelInsuranceRunner - ******Starting Travel Insurance Page*******
14:42:19.976 [TestNG-tests-1] DEBUG org.apache.poi.openxml4j.opc.ZipPackage - Save core properties part
14:42:19.977 [TestNG-tests-1] DEBUG org.apache.poi.openxml4j.opc.ZipPackage - Save content types part
14:42:20.179 [TestNG-tests-1] DEBUG org.apache.poi.openxml4j.opc.ZipPackage - Save package relationships
14:42:20.200 [TestNG-tests-1] DEBUG org.apache.poi.openxml4j.opc.ZipPackage - Save part 'docProps/app.xml'
14:42:20.213 [TestNG-tests-1] DEBUG org.apache.poi.openxml4j.opc.ZipPackage - Save part 'docProps/core.xml'
14:42:20.232 [TestNG-tests-1] DEBUG org.apache.poi.openxml4j.opc.ZipPackage - Save part 'xl/sharedStrings.xml'
14:42:20.233 [TestNG-tests-1] DEBUG org.apache.poi.openxml4j.opc.ZipPackage - Save part 'xl/styles.xml'
14:42:20.234 [TestNG-tests-1] DEBUG org.apache.poi.openxml4j.opc.ZipPackage - Save part 'xl/workbook.xml'
14:42:20.240 [TestNG-tests-1] DEBUG org.apache.poi.openxml4j.opc.ZipPackage - Save part 'xl/worksheets/sheet1.xml'
14:42:20.247 [TestNG-tests-1] DEBUG org.apache.poi.openxml4j.opc.ZipPackage - Save content types part
14:42:20.251 [TestNG-tests-1] DEBUG org.apache.poi.openxml4j.opc.ZipPackage - Save package relationships
14:42:20.255 [TestNG-tests-1] DEBUG org.apache.poi.openxml4j.opc.ZipPackage - Save part 'docProps/app.xml'
14:42:20.256 [TestNG-tests-1] DEBUG org.apache.poi.openxml4j.opc.ZipPackage - Save part 'docProps/core.xml'
14:42:20.260 [TestNG-tests-1] DEBUG org.apache.poi.openxml4j.opc.ZipPackage - Save part 'xl/sharedStrings.xml'
14:42:20.261 [TestNG-tests-1] DEBUG org.apache.poi.openxml4j.opc.ZipPackage - Save part 'xl/styles.xml'
14:42:20.261 [TestNG-tests-1] DEBUG org.apache.poi.openxml4j.opc.ZipPackage - Save part 'xl/workbook.xml'
14:42:20.265 [TestNG-tests-1] DEBUG org.apache.poi.openxml4j.opc.ZipPackage - Save part 'xl/worksheets/sheet1.xml'
14:42:20.268 [TestNG-tests-1] INFO  TestCase.Tc_1TravelInsuranceRunner - ****** Travel Insurance validation Completed*******
14:42:20.269 [TestNG-tests-1] INFO  TestCase.Tc_1TravelInsuranceRunner -          ===========================             
14:42:20.269 [TestNG-tests-1] INFO  TestCase.Tc_1TravelInsuranceRunner -                                  
14:42:45.951 [TestNG-tests-1] INFO  TestCase.Tc_2CarInsuranceRunner - ******Starting Homepage*******
14:42:51.867 [TestNG-tests-1] INFO  TestCase.Tc_2CarInsuranceRunner - ******Starting Car Insurance Page*******
14:43:06.925 [TestNG-tests-1] INFO  TestCase.Tc_2CarInsuranceRunner - ******method  2*******
14:43:14.328 [TestNG-tests-1] INFO  TestCase.Tc_2CarInsuranceRunner - ****** Car Insurance validation Completed*******
14:43:14.328 [TestNG-tests-1] INFO  TestCase.Tc_2CarInsuranceRunner -          ===========================             
14:43:14.329 [TestNG-tests-1] INFO  TestCase.Tc_2CarInsuranceRunner -                                  
14:44:11.822 [TestNG-tests-1] INFO  TestCase.Tc_3HealthInsuranceRunner - ******Starting Homepage*******
14:44:14.311 [TestNG-tests-1] INFO  TestCase.Tc_3HealthInsuranceRunner - ******Starting Health Insurance Page*******
14:44:15.150 [TestNG-tests-1] INFO  TestCase.Tc_3HealthInsuranceRunner - ******Health Insurance validation Completed*******
14:44:15.151 [TestNG-tests-1] INFO  TestCase.Tc_3HealthInsuranceRunner -          ===========================             
14:44:15.151 [TestNG-tests-1] INFO  TestCase.Tc_3HealthInsuranceRunner -                                  
